The system is: Linux - 4.10.0-22-generic - x86_64
Compiling the CXX compiler identification source file "CMakeCXXCompilerId.cpp" succeeded.
Compiler: /usr/bin/c++ 
Build flags: 
Id flags: 

The output was:
0


Compilation of the CXX compiler identification source "CMakeCXXCompilerId.cpp" produced "a.out"

The CXX compiler identification is GNU, found in "/home/user/dev/bitprim-network/build/CMakeFiles/3.7.0-rc1/CompilerIdCXX/a.out"

Compiling the C compiler identification source file "CMakeCCompilerId.c" succeeded.
Compiler: /usr/bin/cc 
Build flags: 
Id flags: 

The output was:
0


Compilation of the C compiler identification source "CMakeCCompilerId.c" produced "a.out"

The C compiler identification is GNU, found in "/home/user/dev/bitprim-network/build/CMakeFiles/3.7.0-rc1/CompilerIdC/a.out"

Determining if the CXX compiler works passed with the following output:
Change Dir: /home/user/dev/bitprim-network/build/CMakeFiles/CMakeTmp

Run Build Command:"/usr/bin/make" "cmTC_84a5e/fast"
/usr/bin/make -f CMakeFiles/cmTC_84a5e.dir/build.make CMakeFiles/cmTC_84a5e.dir/build
make[1]: Entering directory '/home/user/dev/bitprim-network/build/CMakeFiles/CMakeTmp'
Building CXX object CMakeFiles/cmTC_84a5e.dir/testCXXCompiler.cxx.o
/usr/bin/c++      -o CMakeFiles/cmTC_84a5e.dir/testCXXCompiler.cxx.o -c /home/user/dev/bitprim-network/build/CMakeFiles/CMakeTmp/testCXXCompiler.cxx
Linking CXX executable cmTC_84a5e
/usr/local/bin/cmake -E cmake_link_script CMakeFiles/cmTC_84a5e.dir/link.txt --verbose=1
/usr/bin/c++        CMakeFiles/cmTC_84a5e.dir/testCXXCompiler.cxx.o  -o cmTC_84a5e 
make[1]: Leaving directory '/home/user/dev/bitprim-network/build/CMakeFiles/CMakeTmp'


Detecting CXX compiler ABI info compiled with the following output:
Change Dir: /home/user/dev/bitprim-network/build/CMakeFiles/CMakeTmp

Run Build Command:"/usr/bin/make" "cmTC_dbf03/fast"
/usr/bin/make -f CMakeFiles/cmTC_dbf03.dir/build.make CMakeFiles/cmTC_dbf03.dir/build
make[1]: Entering directory '/home/user/dev/bitprim-network/build/CMakeFiles/CMakeTmp'
Building CXX object CMakeFiles/cmTC_dbf03.dir/CMakeCXXCompilerABI.cpp.o
/usr/bin/c++      -o CMakeFiles/cmTC_dbf03.dir/CMakeCXXCompilerABI.cpp.o -c /usr/local/share/cmake-3.7/Modules/CMakeCXXCompilerABI.cpp
Linking CXX executable cmTC_dbf03
/usr/local/bin/cmake -E cmake_link_script CMakeFiles/cmTC_dbf03.dir/link.txt --verbose=1
/usr/bin/c++       -v CMakeFiles/cmTC_dbf03.dir/CMakeCXXCompilerABI.cpp.o  -o cmTC_dbf03  
Using built-in specs.
COLLECT_GCC=/usr/bin/c++
COLLECT_LTO_WRAPPER=/usr/lib/gcc/x86_64-linux-gnu/6/lto-wrapper
Target: x86_64-linux-gnu
Configured with: ../src/configure -v --with-pkgversion='Ubuntu 6.3.0-12ubuntu2' --with-bugurl=file:///usr/share/doc/gcc-6/README.Bugs --enable-languages=c,ada,c++,java,go,d,fortran,objc,obj-c++ --prefix=/usr --program-suffix=-6 --program-prefix=x86_64-linux-gnu- --enable-shared --enable-linker-build-id --libexecdir=/usr/lib --without-included-gettext --enable-threads=posix --libdir=/usr/lib --enable-nls --with-sysroot=/ --enable-clocale=gnu --enable-libstdcxx-debug --enable-libstdcxx-time=yes --with-default-libstdcxx-abi=new --enable-gnu-unique-object --disable-vtable-verify --enable-libmpx --enable-plugin --enable-default-pie --with-system-zlib --disable-browser-plugin --enable-java-awt=gtk --enable-gtk-cairo --with-java-home=/usr/lib/jvm/java-1.5.0-gcj-6-amd64/jre --enable-java-home --with-jvm-root-dir=/usr/lib/jvm/java-1.5.0-gcj-6-amd64 --with-jvm-jar-dir=/usr/lib/jvm-exports/java-1.5.0-gcj-6-amd64 --with-arch-directory=amd64 --with-ecj-jar=/usr/share/java/eclipse-ecj.jar --with-target-system-zlib --enable-objc-gc=auto --enable-multiarch --disable-werror --with-arch-32=i686 --with-abi=m64 --with-multilib-list=m32,m64,mx32 --enable-multilib --with-tune=generic --enable-checking=release --build=x86_64-linux-gnu --host=x86_64-linux-gnu --target=x86_64-linux-gnu
Thread model: posix
gcc version 6.3.0 20170406 (Ubuntu 6.3.0-12ubuntu2) 
COMPILER_PATH=/usr/lib/gcc/x86_64-linux-gnu/6/:/usr/lib/gcc/x86_64-linux-gnu/6/:/usr/lib/gcc/x86_64-linux-gnu/:/usr/lib/gcc/x86_64-linux-gnu/6/:/usr/lib/gcc/x86_64-linux-gnu/
LIBRARY_PATH=/usr/lib/gcc/x86_64-linux-gnu/6/:/usr/lib/gcc/x86_64-linux-gnu/6/../../../x86_64-linux-gnu/:/usr/lib/gcc/x86_64-linux-gnu/6/../../../../lib/:/lib/x86_64-linux-gnu/:/lib/../lib/:/usr/lib/x86_64-linux-gnu/:/usr/lib/../lib/:/usr/lib/gcc/x86_64-linux-gnu/6/../../../:/lib/:/usr/lib/
COLLECT_GCC_OPTIONS='-v' '-o' 'cmTC_dbf03' '-shared-libgcc' '-mtune=generic' '-march=x86-64'
 /usr/lib/gcc/x86_64-linux-gnu/6/collect2 -plugin /usr/lib/gcc/x86_64-linux-gnu/6/liblto_plugin.so -plugin-opt=/usr/lib/gcc/x86_64-linux-gnu/6/lto-wrapper -plugin-opt=-fresolution=/tmp/ccLNYx9R.res -plugin-opt=-pass-through=-lgcc_s -plugin-opt=-pass-through=-lgcc -plugin-opt=-pass-through=-lc -plugin-opt=-pass-through=-lgcc_s -plugin-opt=-pass-through=-lgcc --sysroot=/ --build-id --eh-frame-hdr -m elf_x86_64 --hash-style=gnu --as-needed -dynamic-linker /lib64/ld-linux-x86-64.so.2 -pie -z now -z relro -o cmTC_dbf03 /usr/lib/gcc/x86_64-linux-gnu/6/../../../x86_64-linux-gnu/Scrt1.o /usr/lib/gcc/x86_64-linux-gnu/6/../../../x86_64-linux-gnu/crti.o /usr/lib/gcc/x86_64-linux-gnu/6/crtbeginS.o -L/usr/lib/gcc/x86_64-linux-gnu/6 -L/usr/lib/gcc/x86_64-linux-gnu/6/../../../x86_64-linux-gnu -L/usr/lib/gcc/x86_64-linux-gnu/6/../../../../lib -L/lib/x86_64-linux-gnu -L/lib/../lib -L/usr/lib/x86_64-linux-gnu -L/usr/lib/../lib -L/usr/lib/gcc/x86_64-linux-gnu/6/../../.. CMakeFiles/cmTC_dbf03.dir/CMakeCXXCompilerABI.cpp.o -lstdc++ -lm -lgcc_s -lgcc -lc -lgcc_s -lgcc /usr/lib/gcc/x86_64-linux-gnu/6/crtendS.o /usr/lib/gcc/x86_64-linux-gnu/6/../../../x86_64-linux-gnu/crtn.o
COLLECT_GCC_OPTIONS='-v' '-o' 'cmTC_dbf03' '-shared-libgcc' '-mtune=generic' '-march=x86-64'
make[1]: Leaving directory '/home/user/dev/bitprim-network/build/CMakeFiles/CMakeTmp'


Parsed CXX implicit link information from above output:
  link line regex: [^( *|.*[/\])(ld|([^/\]+-)?ld|collect2)[^/\]*( |$)]
  ignore line: [Change Dir: /home/user/dev/bitprim-network/build/CMakeFiles/CMakeTmp]
  ignore line: []
  ignore line: [Run Build Command:"/usr/bin/make" "cmTC_dbf03/fast"]
  ignore line: [/usr/bin/make -f CMakeFiles/cmTC_dbf03.dir/build.make CMakeFiles/cmTC_dbf03.dir/build]
  ignore line: [make[1]: Entering directory '/home/user/dev/bitprim-network/build/CMakeFiles/CMakeTmp']
  ignore line: [Building CXX object CMakeFiles/cmTC_dbf03.dir/CMakeCXXCompilerABI.cpp.o]
  ignore line: [/usr/bin/c++      -o CMakeFiles/cmTC_dbf03.dir/CMakeCXXCompilerABI.cpp.o -c /usr/local/share/cmake-3.7/Modules/CMakeCXXCompilerABI.cpp]
  ignore line: [Linking CXX executable cmTC_dbf03]
  ignore line: [/usr/local/bin/cmake -E cmake_link_script CMakeFiles/cmTC_dbf03.dir/link.txt --verbose=1]
  ignore line: [/usr/bin/c++       -v CMakeFiles/cmTC_dbf03.dir/CMakeCXXCompilerABI.cpp.o  -o cmTC_dbf03  ]
  ignore line: [Using built-in specs.]
  ignore line: [COLLECT_GCC=/usr/bin/c++]
  ignore line: [COLLECT_LTO_WRAPPER=/usr/lib/gcc/x86_64-linux-gnu/6/lto-wrapper]
  ignore line: [Target: x86_64-linux-gnu]
  ignore line: [Configured with: ../src/configure -v --with-pkgversion='Ubuntu 6.3.0-12ubuntu2' --with-bugurl=file:///usr/share/doc/gcc-6/README.Bugs --enable-languages=c,ada,c++,java,go,d,fortran,objc,obj-c++ --prefix=/usr --program-suffix=-6 --program-prefix=x86_64-linux-gnu- --enable-shared --enable-linker-build-id --libexecdir=/usr/lib --without-included-gettext --enable-threads=posix --libdir=/usr/lib --enable-nls --with-sysroot=/ --enable-clocale=gnu --enable-libstdcxx-debug --enable-libstdcxx-time=yes --with-default-libstdcxx-abi=new --enable-gnu-unique-object --disable-vtable-verify --enable-libmpx --enable-plugin --enable-default-pie --with-system-zlib --disable-browser-plugin --enable-java-awt=gtk --enable-gtk-cairo --with-java-home=/usr/lib/jvm/java-1.5.0-gcj-6-amd64/jre --enable-java-home --with-jvm-root-dir=/usr/lib/jvm/java-1.5.0-gcj-6-amd64 --with-jvm-jar-dir=/usr/lib/jvm-exports/java-1.5.0-gcj-6-amd64 --with-arch-directory=amd64 --with-ecj-jar=/usr/share/java/eclipse-ecj.jar --with-target-system-zlib --enable-objc-gc=auto --enable-multiarch --disable-werror --with-arch-32=i686 --with-abi=m64 --with-multilib-list=m32,m64,mx32 --enable-multilib --with-tune=generic --enable-checking=release --build=x86_64-linux-gnu --host=x86_64-linux-gnu --target=x86_64-linux-gnu]
  ignore line: [Thread model: posix]
  ignore line: [gcc version 6.3.0 20170406 (Ubuntu 6.3.0-12ubuntu2) ]
  ignore line: [COMPILER_PATH=/usr/lib/gcc/x86_64-linux-gnu/6/:/usr/lib/gcc/x86_64-linux-gnu/6/:/usr/lib/gcc/x86_64-linux-gnu/:/usr/lib/gcc/x86_64-linux-gnu/6/:/usr/lib/gcc/x86_64-linux-gnu/]
  ignore line: [LIBRARY_PATH=/usr/lib/gcc/x86_64-linux-gnu/6/:/usr/lib/gcc/x86_64-linux-gnu/6/../../../x86_64-linux-gnu/:/usr/lib/gcc/x86_64-linux-gnu/6/../../../../lib/:/lib/x86_64-linux-gnu/:/lib/../lib/:/usr/lib/x86_64-linux-gnu/:/usr/lib/../lib/:/usr/lib/gcc/x86_64-linux-gnu/6/../../../:/lib/:/usr/lib/]
  ignore line: [COLLECT_GCC_OPTIONS='-v' '-o' 'cmTC_dbf03' '-shared-libgcc' '-mtune=generic' '-march=x86-64']
  link line: [ /usr/lib/gcc/x86_64-linux-gnu/6/collect2 -plugin /usr/lib/gcc/x86_64-linux-gnu/6/liblto_plugin.so -plugin-opt=/usr/lib/gcc/x86_64-linux-gnu/6/lto-wrapper -plugin-opt=-fresolution=/tmp/ccLNYx9R.res -plugin-opt=-pass-through=-lgcc_s -plugin-opt=-pass-through=-lgcc -plugin-opt=-pass-through=-lc -plugin-opt=-pass-through=-lgcc_s -plugin-opt=-pass-through=-lgcc --sysroot=/ --build-id --eh-frame-hdr -m elf_x86_64 --hash-style=gnu --as-needed -dynamic-linker /lib64/ld-linux-x86-64.so.2 -pie -z now -z relro -o cmTC_dbf03 /usr/lib/gcc/x86_64-linux-gnu/6/../../../x86_64-linux-gnu/Scrt1.o /usr/lib/gcc/x86_64-linux-gnu/6/../../../x86_64-linux-gnu/crti.o /usr/lib/gcc/x86_64-linux-gnu/6/crtbeginS.o -L/usr/lib/gcc/x86_64-linux-gnu/6 -L/usr/lib/gcc/x86_64-linux-gnu/6/../../../x86_64-linux-gnu -L/usr/lib/gcc/x86_64-linux-gnu/6/../../../../lib -L/lib/x86_64-linux-gnu -L/lib/../lib -L/usr/lib/x86_64-linux-gnu -L/usr/lib/../lib -L/usr/lib/gcc/x86_64-linux-gnu/6/../../.. CMakeFiles/cmTC_dbf03.dir/CMakeCXXCompilerABI.cpp.o -lstdc++ -lm -lgcc_s -lgcc -lc -lgcc_s -lgcc /usr/lib/gcc/x86_64-linux-gnu/6/crtendS.o /usr/lib/gcc/x86_64-linux-gnu/6/../../../x86_64-linux-gnu/crtn.o]
    arg [/usr/lib/gcc/x86_64-linux-gnu/6/collect2] ==> ignore
    arg [-plugin] ==> ignore
    arg [/usr/lib/gcc/x86_64-linux-gnu/6/liblto_plugin.so] ==> ignore
    arg [-plugin-opt=/usr/lib/gcc/x86_64-linux-gnu/6/lto-wrapper] ==> ignore
    arg [-plugin-opt=-fresolution=/tmp/ccLNYx9R.res] ==> ignore
    arg [-plugin-opt=-pass-through=-lgcc_s] ==> ignore
    arg [-plugin-opt=-pass-through=-lgcc] ==> ignore
    arg [-plugin-opt=-pass-through=-lc] ==> ignore
    arg [-plugin-opt=-pass-through=-lgcc_s] ==> ignore
    arg [-plugin-opt=-pass-through=-lgcc] ==> ignore
    arg [--sysroot=/] ==> ignore
    arg [--build-id] ==> ignore
    arg [--eh-frame-hdr] ==> ignore
    arg [-m] ==> ignore
    arg [elf_x86_64] ==> ignore
    arg [--hash-style=gnu] ==> ignore
    arg [--as-needed] ==> ignore
    arg [-dynamic-linker] ==> ignore
    arg [/lib64/ld-linux-x86-64.so.2] ==> ignore
    arg [-pie] ==> ignore
    arg [-znow] ==> ignore
    arg [-zrelro] ==> ignore
    arg [-o] ==> ignore
    arg [cmTC_dbf03] ==> ignore
    arg [/usr/lib/gcc/x86_64-linux-gnu/6/../../../x86_64-linux-gnu/Scrt1.o] ==> ignore
    arg [/usr/lib/gcc/x86_64-linux-gnu/6/../../../x86_64-linux-gnu/crti.o] ==> ignore
    arg [/usr/lib/gcc/x86_64-linux-gnu/6/crtbeginS.o] ==> ignore
    arg [-L/usr/lib/gcc/x86_64-linux-gnu/6] ==> dir [/usr/lib/gcc/x86_64-linux-gnu/6]
    arg [-L/usr/lib/gcc/x86_64-linux-gnu/6/../../../x86_64-linux-gnu] ==> dir [/usr/lib/gcc/x86_64-linux-gnu/6/../../../x86_64-linux-gnu]
    arg [-L/usr/lib/gcc/x86_64-linux-gnu/6/../../../../lib] ==> dir [/usr/lib/gcc/x86_64-linux-gnu/6/../../../../lib]
    arg [-L/lib/x86_64-linux-gnu] ==> dir [/lib/x86_64-linux-gnu]
    arg [-L/lib/../lib] ==> dir [/lib/../lib]
    arg [-L/usr/lib/x86_64-linux-gnu] ==> dir [/usr/lib/x86_64-linux-gnu]
    arg [-L/usr/lib/../lib] ==> dir [/usr/lib/../lib]
    arg [-L/usr/lib/gcc/x86_64-linux-gnu/6/../../..] ==> dir [/usr/lib/gcc/x86_64-linux-gnu/6/../../..]
    arg [CMakeFiles/cmTC_dbf03.dir/CMakeCXXCompilerABI.cpp.o] ==> ignore
    arg [-lstdc++] ==> lib [stdc++]
    arg [-lm] ==> lib [m]
    arg [-lgcc_s] ==> lib [gcc_s]
    arg [-lgcc] ==> lib [gcc]
    arg [-lc] ==> lib [c]
    arg [-lgcc_s] ==> lib [gcc_s]
    arg [-lgcc] ==> lib [gcc]
    arg [/usr/lib/gcc/x86_64-linux-gnu/6/crtendS.o] ==> ignore
    arg [/usr/lib/gcc/x86_64-linux-gnu/6/../../../x86_64-linux-gnu/crtn.o] ==> ignore
  remove lib [gcc_s]
  remove lib [gcc]
  remove lib [gcc_s]
  remove lib [gcc]
  collapse library dir [/usr/lib/gcc/x86_64-linux-gnu/6] ==> [/usr/lib/gcc/x86_64-linux-gnu/6]
  collapse library dir [/usr/lib/gcc/x86_64-linux-gnu/6/../../../x86_64-linux-gnu] ==> [/usr/lib/x86_64-linux-gnu]
  collapse library dir [/usr/lib/gcc/x86_64-linux-gnu/6/../../../../lib] ==> [/usr/lib]
  collapse library dir [/lib/x86_64-linux-gnu] ==> [/lib/x86_64-linux-gnu]
  collapse library dir [/lib/../lib] ==> [/lib]
  collapse library dir [/usr/lib/x86_64-linux-gnu] ==> [/usr/lib/x86_64-linux-gnu]
  collapse library dir [/usr/lib/../lib] ==> [/usr/lib]
  collapse library dir [/usr/lib/gcc/x86_64-linux-gnu/6/../../..] ==> [/usr/lib]
  implicit libs: [stdc++;m;c]
  implicit dirs: [/usr/lib/gcc/x86_64-linux-gnu/6;/usr/lib/x86_64-linux-gnu;/usr/lib;/lib/x86_64-linux-gnu;/lib]
  implicit fwks: []




Detecting CXX [-std=c++14] compiler features compiled with the following output:
Change Dir: /home/user/dev/bitprim-network/build/CMakeFiles/CMakeTmp

Run Build Command:"/usr/bin/make" "cmTC_6aa17/fast"
/usr/bin/make -f CMakeFiles/cmTC_6aa17.dir/build.make CMakeFiles/cmTC_6aa17.dir/build
make[1]: Entering directory '/home/user/dev/bitprim-network/build/CMakeFiles/CMakeTmp'
Building CXX object CMakeFiles/cmTC_6aa17.dir/feature_tests.cxx.o
/usr/bin/c++     -std=c++14 -o CMakeFiles/cmTC_6aa17.dir/feature_tests.cxx.o -c /home/user/dev/bitprim-network/build/CMakeFiles/feature_tests.cxx
Linking CXX executable cmTC_6aa17
/usr/local/bin/cmake -E cmake_link_script CMakeFiles/cmTC_6aa17.dir/link.txt --verbose=1
/usr/bin/c++        CMakeFiles/cmTC_6aa17.dir/feature_tests.cxx.o  -o cmTC_6aa17 
make[1]: Leaving directory '/home/user/dev/bitprim-network/build/CMakeFiles/CMakeTmp'


    Feature record: CXX_FEATURE:1cxx_aggregate_default_initializers
    Feature record: CXX_FEATURE:1cxx_alias_templates
    Feature record: CXX_FEATURE:1cxx_alignas
    Feature record: CXX_FEATURE:1cxx_alignof
    Feature record: CXX_FEATURE:1cxx_attributes
    Feature record: CXX_FEATURE:1cxx_attribute_deprecated
    Feature record: CXX_FEATURE:1cxx_auto_type
    Feature record: CXX_FEATURE:1cxx_binary_literals
    Feature record: CXX_FEATURE:1cxx_constexpr
    Feature record: CXX_FEATURE:1cxx_contextual_conversions
    Feature record: CXX_FEATURE:1cxx_decltype
    Feature record: CXX_FEATURE:1cxx_decltype_auto
    Feature record: CXX_FEATURE:1cxx_decltype_incomplete_return_types
    Feature record: CXX_FEATURE:1cxx_default_function_template_args
    Feature record: CXX_FEATURE:1cxx_defaulted_functions
    Feature record: CXX_FEATURE:1cxx_defaulted_move_initializers
    Feature record: CXX_FEATURE:1cxx_delegating_constructors
    Feature record: CXX_FEATURE:1cxx_deleted_functions
    Feature record: CXX_FEATURE:1cxx_digit_separators
    Feature record: CXX_FEATURE:1cxx_enum_forward_declarations
    Feature record: CXX_FEATURE:1cxx_explicit_conversions
    Feature record: CXX_FEATURE:1cxx_extended_friend_declarations
    Feature record: CXX_FEATURE:1cxx_extern_templates
    Feature record: CXX_FEATURE:1cxx_final
    Feature record: CXX_FEATURE:1cxx_func_identifier
    Feature record: CXX_FEATURE:1cxx_generalized_initializers
    Feature record: CXX_FEATURE:1cxx_generic_lambdas
    Feature record: CXX_FEATURE:1cxx_inheriting_constructors
    Feature record: CXX_FEATURE:1cxx_inline_namespaces
    Feature record: CXX_FEATURE:1cxx_lambdas
    Feature record: CXX_FEATURE:1cxx_lambda_init_captures
    Feature record: CXX_FEATURE:1cxx_local_type_template_args
    Feature record: CXX_FEATURE:1cxx_long_long_type
    Feature record: CXX_FEATURE:1cxx_noexcept
    Feature record: CXX_FEATURE:1cxx_nonstatic_member_init
    Feature record: CXX_FEATURE:1cxx_nullptr
    Feature record: CXX_FEATURE:1cxx_override
    Feature record: CXX_FEATURE:1cxx_range_for
    Feature record: CXX_FEATURE:1cxx_raw_string_literals
    Feature record: CXX_FEATURE:1cxx_reference_qualified_functions
    Feature record: CXX_FEATURE:1cxx_relaxed_constexpr
    Feature record: CXX_FEATURE:1cxx_return_type_deduction
    Feature record: CXX_FEATURE:1cxx_right_angle_brackets
    Feature record: CXX_FEATURE:1cxx_rvalue_references
    Feature record: CXX_FEATURE:1cxx_sizeof_member
    Feature record: CXX_FEATURE:1cxx_static_assert
    Feature record: CXX_FEATURE:1cxx_strong_enums
    Feature record: CXX_FEATURE:1cxx_template_template_parameters
    Feature record: CXX_FEATURE:1cxx_thread_local
    Feature record: CXX_FEATURE:1cxx_trailing_return_types
    Feature record: CXX_FEATURE:1cxx_unicode_literals
    Feature record: CXX_FEATURE:1cxx_uniform_initialization
    Feature record: CXX_FEATURE:1cxx_unrestricted_unions
    Feature record: CXX_FEATURE:1cxx_user_literals
    Feature record: CXX_FEATURE:1cxx_variable_templates
    Feature record: CXX_FEATURE:1cxx_variadic_macros
    Feature record: CXX_FEATURE:1cxx_variadic_templates


Detecting CXX [-std=c++11] compiler features compiled with the following output:
Change Dir: /home/user/dev/bitprim-network/build/CMakeFiles/CMakeTmp

Run Build Command:"/usr/bin/make" "cmTC_7066a/fast"
/usr/bin/make -f CMakeFiles/cmTC_7066a.dir/build.make CMakeFiles/cmTC_7066a.dir/build
make[1]: Entering directory '/home/user/dev/bitprim-network/build/CMakeFiles/CMakeTmp'
Building CXX object CMakeFiles/cmTC_7066a.dir/feature_tests.cxx.o
/usr/bin/c++     -std=c++11 -o CMakeFiles/cmTC_7066a.dir/feature_tests.cxx.o -c /home/user/dev/bitprim-network/build/CMakeFiles/feature_tests.cxx
Linking CXX executable cmTC_7066a
/usr/local/bin/cmake -E cmake_link_script CMakeFiles/cmTC_7066a.dir/link.txt --verbose=1
/usr/bin/c++        CMakeFiles/cmTC_7066a.dir/feature_tests.cxx.o  -o cmTC_7066a 
make[1]: Leaving directory '/home/user/dev/bitprim-network/build/CMakeFiles/CMakeTmp'


    Feature record: CXX_FEATURE:0cxx_aggregate_default_initializers
    Feature record: CXX_FEATURE:1cxx_alias_templates
    Feature record: CXX_FEATURE:1cxx_alignas
    Feature record: CXX_FEATURE:1cxx_alignof
    Feature record: CXX_FEATURE:1cxx_attributes
    Feature record: CXX_FEATURE:0cxx_attribute_deprecated
    Feature record: CXX_FEATURE:1cxx_auto_type
    Feature record: CXX_FEATURE:0cxx_binary_literals
    Feature record: CXX_FEATURE:1cxx_constexpr
    Feature record: CXX_FEATURE:0cxx_contextual_conversions
    Feature record: CXX_FEATURE:1cxx_decltype
    Feature record: CXX_FEATURE:0cxx_decltype_auto
    Feature record: CXX_FEATURE:1cxx_decltype_incomplete_return_types
    Feature record: CXX_FEATURE:1cxx_default_function_template_args
    Feature record: CXX_FEATURE:1cxx_defaulted_functions
    Feature record: CXX_FEATURE:1cxx_defaulted_move_initializers
    Feature record: CXX_FEATURE:1cxx_delegating_constructors
    Feature record: CXX_FEATURE:1cxx_deleted_functions
    Feature record: CXX_FEATURE:0cxx_digit_separators
    Feature record: CXX_FEATURE:1cxx_enum_forward_declarations
    Feature record: CXX_FEATURE:1cxx_explicit_conversions
    Feature record: CXX_FEATURE:1cxx_extended_friend_declarations
    Feature record: CXX_FEATURE:1cxx_extern_templates
    Feature record: CXX_FEATURE:1cxx_final
    Feature record: CXX_FEATURE:1cxx_func_identifier
    Feature record: CXX_FEATURE:1cxx_generalized_initializers
    Feature record: CXX_FEATURE:0cxx_generic_lambdas
    Feature record: CXX_FEATURE:1cxx_inheriting_constructors
    Feature record: CXX_FEATURE:1cxx_inline_namespaces
    Feature record: CXX_FEATURE:1cxx_lambdas
    Feature record: CXX_FEATURE:0cxx_lambda_init_captures
    Feature record: CXX_FEATURE:1cxx_local_type_template_args
    Feature record: CXX_FEATURE:1cxx_long_long_type
    Feature record: CXX_FEATURE:1cxx_noexcept
    Feature record: CXX_FEATURE:1cxx_nonstatic_member_init
    Feature record: CXX_FEATURE:1cxx_nullptr
    Feature record: CXX_FEATURE:1cxx_override
    Feature record: CXX_FEATURE:1cxx_range_for
    Feature record: CXX_FEATURE:1cxx_raw_string_literals
    Feature record: CXX_FEATURE:1cxx_reference_qualified_functions
    Feature record: CXX_FEATURE:0cxx_relaxed_constexpr
    Feature record: CXX_FEATURE:0cxx_return_type_deduction
    Feature record: CXX_FEATURE:1cxx_right_angle_brackets
    Feature record: CXX_FEATURE:1cxx_rvalue_references
    Feature record: CXX_FEATURE:1cxx_sizeof_member
    Feature record: CXX_FEATURE:1cxx_static_assert
    Feature record: CXX_FEATURE:1cxx_strong_enums
    Feature record: CXX_FEATURE:1cxx_template_template_parameters
    Feature record: CXX_FEATURE:1cxx_thread_local
    Feature record: CXX_FEATURE:1cxx_trailing_return_types
    Feature record: CXX_FEATURE:1cxx_unicode_literals
    Feature record: CXX_FEATURE:1cxx_uniform_initialization
    Feature record: CXX_FEATURE:1cxx_unrestricted_unions
    Feature record: CXX_FEATURE:1cxx_user_literals
    Feature record: CXX_FEATURE:0cxx_variable_templates
    Feature record: CXX_FEATURE:1cxx_variadic_macros
    Feature record: CXX_FEATURE:1cxx_variadic_templates


Detecting CXX [-std=c++98] compiler features compiled with the following output:
Change Dir: /home/user/dev/bitprim-network/build/CMakeFiles/CMakeTmp

Run Build Command:"/usr/bin/make" "cmTC_9e09e/fast"
/usr/bin/make -f CMakeFiles/cmTC_9e09e.dir/build.make CMakeFiles/cmTC_9e09e.dir/build
make[1]: Entering directory '/home/user/dev/bitprim-network/build/CMakeFiles/CMakeTmp'
Building CXX object CMakeFiles/cmTC_9e09e.dir/feature_tests.cxx.o
/usr/bin/c++     -std=c++98 -o CMakeFiles/cmTC_9e09e.dir/feature_tests.cxx.o -c /home/user/dev/bitprim-network/build/CMakeFiles/feature_tests.cxx
Linking CXX executable cmTC_9e09e
/usr/local/bin/cmake -E cmake_link_script CMakeFiles/cmTC_9e09e.dir/link.txt --verbose=1
/usr/bin/c++        CMakeFiles/cmTC_9e09e.dir/feature_tests.cxx.o  -o cmTC_9e09e 
make[1]: Leaving directory '/home/user/dev/bitprim-network/build/CMakeFiles/CMakeTmp'


    Feature record: CXX_FEATURE:0cxx_aggregate_default_initializers
    Feature record: CXX_FEATURE:0cxx_alias_templates
    Feature record: CXX_FEATURE:0cxx_alignas
    Feature record: CXX_FEATURE:0cxx_alignof
    Feature record: CXX_FEATURE:0cxx_attributes
    Feature record: CXX_FEATURE:0cxx_attribute_deprecated
    Feature record: CXX_FEATURE:0cxx_auto_type
    Feature record: CXX_FEATURE:0cxx_binary_literals
    Feature record: CXX_FEATURE:0cxx_constexpr
    Feature record: CXX_FEATURE:0cxx_contextual_conversions
    Feature record: CXX_FEATURE:0cxx_decltype
    Feature record: CXX_FEATURE:0cxx_decltype_auto
    Feature record: CXX_FEATURE:0cxx_decltype_incomplete_return_types
    Feature record: CXX_FEATURE:0cxx_default_function_template_args
    Feature record: CXX_FEATURE:0cxx_defaulted_functions
    Feature record: CXX_FEATURE:0cxx_defaulted_move_initializers
    Feature record: CXX_FEATURE:0cxx_delegating_constructors
    Feature record: CXX_FEATURE:0cxx_deleted_functions
    Feature record: CXX_FEATURE:0cxx_digit_separators
    Feature record: CXX_FEATURE:0cxx_enum_forward_declarations
    Feature record: CXX_FEATURE:0cxx_explicit_conversions
    Feature record: CXX_FEATURE:0cxx_extended_friend_declarations
    Feature record: CXX_FEATURE:0cxx_extern_templates
    Feature record: CXX_FEATURE:0cxx_final
    Feature record: CXX_FEATURE:0cxx_func_identifier
    Feature record: CXX_FEATURE:0cxx_generalized_initializers
    Feature record: CXX_FEATURE:0cxx_generic_lambdas
    Feature record: CXX_FEATURE:0cxx_inheriting_constructors
    Feature record: CXX_FEATURE:0cxx_inline_namespaces
    Feature record: CXX_FEATURE:0cxx_lambdas
    Feature record: CXX_FEATURE:0cxx_lambda_init_captures
    Feature record: CXX_FEATURE:0cxx_local_type_template_args
    Feature record: CXX_FEATURE:0cxx_long_long_type
    Feature record: CXX_FEATURE:0cxx_noexcept
    Feature record: CXX_FEATURE:0cxx_nonstatic_member_init
    Feature record: CXX_FEATURE:0cxx_nullptr
    Feature record: CXX_FEATURE:0cxx_override
    Feature record: CXX_FEATURE:0cxx_range_for
    Feature record: CXX_FEATURE:0cxx_raw_string_literals
    Feature record: CXX_FEATURE:0cxx_reference_qualified_functions
    Feature record: CXX_FEATURE:0cxx_relaxed_constexpr
    Feature record: CXX_FEATURE:0cxx_return_type_deduction
    Feature record: CXX_FEATURE:0cxx_right_angle_brackets
    Feature record: CXX_FEATURE:0cxx_rvalue_references
    Feature record: CXX_FEATURE:0cxx_sizeof_member
    Feature record: CXX_FEATURE:0cxx_static_assert
    Feature record: CXX_FEATURE:0cxx_strong_enums
    Feature record: CXX_FEATURE:1cxx_template_template_parameters
    Feature record: CXX_FEATURE:0cxx_thread_local
    Feature record: CXX_FEATURE:0cxx_trailing_return_types
    Feature record: CXX_FEATURE:0cxx_unicode_literals
    Feature record: CXX_FEATURE:0cxx_uniform_initialization
    Feature record: CXX_FEATURE:0cxx_unrestricted_unions
    Feature record: CXX_FEATURE:0cxx_user_literals
    Feature record: CXX_FEATURE:0cxx_variable_templates
    Feature record: CXX_FEATURE:0cxx_variadic_macros
    Feature record: CXX_FEATURE:0cxx_variadic_templates
Determining if the C compiler works passed with the following output:
Change Dir: /home/user/dev/bitprim-network/build/CMakeFiles/CMakeTmp

Run Build Command:"/usr/bin/make" "cmTC_d5e8d/fast"
/usr/bin/make -f CMakeFiles/cmTC_d5e8d.dir/build.make CMakeFiles/cmTC_d5e8d.dir/build
make[1]: Entering directory '/home/user/dev/bitprim-network/build/CMakeFiles/CMakeTmp'
Building C object CMakeFiles/cmTC_d5e8d.dir/testCCompiler.c.o
/usr/bin/cc     -o CMakeFiles/cmTC_d5e8d.dir/testCCompiler.c.o   -c /home/user/dev/bitprim-network/build/CMakeFiles/CMakeTmp/testCCompiler.c
Linking C executable cmTC_d5e8d
/usr/local/bin/cmake -E cmake_link_script CMakeFiles/cmTC_d5e8d.dir/link.txt --verbose=1
/usr/bin/cc       CMakeFiles/cmTC_d5e8d.dir/testCCompiler.c.o  -o cmTC_d5e8d 
make[1]: Leaving directory '/home/user/dev/bitprim-network/build/CMakeFiles/CMakeTmp'


Detecting C compiler ABI info compiled with the following output:
Change Dir: /home/user/dev/bitprim-network/build/CMakeFiles/CMakeTmp

Run Build Command:"/usr/bin/make" "cmTC_2faf8/fast"
/usr/bin/make -f CMakeFiles/cmTC_2faf8.dir/build.make CMakeFiles/cmTC_2faf8.dir/build
make[1]: Entering directory '/home/user/dev/bitprim-network/build/CMakeFiles/CMakeTmp'
Building C object CMakeFiles/cmTC_2faf8.dir/CMakeCCompilerABI.c.o
/usr/bin/cc     -o CMakeFiles/cmTC_2faf8.dir/CMakeCCompilerABI.c.o   -c /usr/local/share/cmake-3.7/Modules/CMakeCCompilerABI.c
Linking C executable cmTC_2faf8
/usr/local/bin/cmake -E cmake_link_script CMakeFiles/cmTC_2faf8.dir/link.txt --verbose=1
/usr/bin/cc      -v CMakeFiles/cmTC_2faf8.dir/CMakeCCompilerABI.c.o  -o cmTC_2faf8  
Using built-in specs.
COLLECT_GCC=/usr/bin/cc
COLLECT_LTO_WRAPPER=/usr/lib/gcc/x86_64-linux-gnu/6/lto-wrapper
Target: x86_64-linux-gnu
Configured with: ../src/configure -v --with-pkgversion='Ubuntu 6.3.0-12ubuntu2' --with-bugurl=file:///usr/share/doc/gcc-6/README.Bugs --enable-languages=c,ada,c++,java,go,d,fortran,objc,obj-c++ --prefix=/usr --program-suffix=-6 --program-prefix=x86_64-linux-gnu- --enable-shared --enable-linker-build-id --libexecdir=/usr/lib --without-included-gettext --enable-threads=posix --libdir=/usr/lib --enable-nls --with-sysroot=/ --enable-clocale=gnu --enable-libstdcxx-debug --enable-libstdcxx-time=yes --with-default-libstdcxx-abi=new --enable-gnu-unique-object --disable-vtable-verify --enable-libmpx --enable-plugin --enable-default-pie --with-system-zlib --disable-browser-plugin --enable-java-awt=gtk --enable-gtk-cairo --with-java-home=/usr/lib/jvm/java-1.5.0-gcj-6-amd64/jre --enable-java-home --with-jvm-root-dir=/usr/lib/jvm/java-1.5.0-gcj-6-amd64 --with-jvm-jar-dir=/usr/lib/jvm-exports/java-1.5.0-gcj-6-amd64 --with-arch-directory=amd64 --with-ecj-jar=/usr/share/java/eclipse-ecj.jar --with-target-system-zlib --enable-objc-gc=auto --enable-multiarch --disable-werror --with-arch-32=i686 --with-abi=m64 --with-multilib-list=m32,m64,mx32 --enable-multilib --with-tune=generic --enable-checking=release --build=x86_64-linux-gnu --host=x86_64-linux-gnu --target=x86_64-linux-gnu
Thread model: posix
gcc version 6.3.0 20170406 (Ubuntu 6.3.0-12ubuntu2) 
COMPILER_PATH=/usr/lib/gcc/x86_64-linux-gnu/6/:/usr/lib/gcc/x86_64-linux-gnu/6/:/usr/lib/gcc/x86_64-linux-gnu/:/usr/lib/gcc/x86_64-linux-gnu/6/:/usr/lib/gcc/x86_64-linux-gnu/
LIBRARY_PATH=/usr/lib/gcc/x86_64-linux-gnu/6/:/usr/lib/gcc/x86_64-linux-gnu/6/../../../x86_64-linux-gnu/:/usr/lib/gcc/x86_64-linux-gnu/6/../../../../lib/:/lib/x86_64-linux-gnu/:/lib/../lib/:/usr/lib/x86_64-linux-gnu/:/usr/lib/../lib/:/usr/lib/gcc/x86_64-linux-gnu/6/../../../:/lib/:/usr/lib/
COLLECT_GCC_OPTIONS='-v' '-o' 'cmTC_2faf8' '-mtune=generic' '-march=x86-64'
 /usr/lib/gcc/x86_64-linux-gnu/6/collect2 -plugin /usr/lib/gcc/x86_64-linux-gnu/6/liblto_plugin.so -plugin-opt=/usr/lib/gcc/x86_64-linux-gnu/6/lto-wrapper -plugin-opt=-fresolution=/tmp/cc0x79AE.res -plugin-opt=-pass-through=-lgcc -plugin-opt=-pass-through=-lgcc_s -plugin-opt=-pass-through=-lc -plugin-opt=-pass-through=-lgcc -plugin-opt=-pass-through=-lgcc_s --sysroot=/ --build-id --eh-frame-hdr -m elf_x86_64 --hash-style=gnu --as-needed -dynamic-linker /lib64/ld-linux-x86-64.so.2 -pie -z now -z relro -o cmTC_2faf8 /usr/lib/gcc/x86_64-linux-gnu/6/../../../x86_64-linux-gnu/Scrt1.o /usr/lib/gcc/x86_64-linux-gnu/6/../../../x86_64-linux-gnu/crti.o /usr/lib/gcc/x86_64-linux-gnu/6/crtbeginS.o -L/usr/lib/gcc/x86_64-linux-gnu/6 -L/usr/lib/gcc/x86_64-linux-gnu/6/../../../x86_64-linux-gnu -L/usr/lib/gcc/x86_64-linux-gnu/6/../../../../lib -L/lib/x86_64-linux-gnu -L/lib/../lib -L/usr/lib/x86_64-linux-gnu -L/usr/lib/../lib -L/usr/lib/gcc/x86_64-linux-gnu/6/../../.. CMakeFiles/cmTC_2faf8.dir/CMakeCCompilerABI.c.o -lgcc --as-needed -lgcc_s --no-as-needed -lc -lgcc --as-needed -lgcc_s --no-as-needed /usr/lib/gcc/x86_64-linux-gnu/6/crtendS.o /usr/lib/gcc/x86_64-linux-gnu/6/../../../x86_64-linux-gnu/crtn.o
COLLECT_GCC_OPTIONS='-v' '-o' 'cmTC_2faf8' '-mtune=generic' '-march=x86-64'
make[1]: Leaving directory '/home/user/dev/bitprim-network/build/CMakeFiles/CMakeTmp'


Parsed C implicit link information from above output:
  link line regex: [^( *|.*[/\])(ld|([^/\]+-)?ld|collect2)[^/\]*( |$)]
  ignore line: [Change Dir: /home/user/dev/bitprim-network/build/CMakeFiles/CMakeTmp]
  ignore line: []
  ignore line: [Run Build Command:"/usr/bin/make" "cmTC_2faf8/fast"]
  ignore line: [/usr/bin/make -f CMakeFiles/cmTC_2faf8.dir/build.make CMakeFiles/cmTC_2faf8.dir/build]
  ignore line: [make[1]: Entering directory '/home/user/dev/bitprim-network/build/CMakeFiles/CMakeTmp']
  ignore line: [Building C object CMakeFiles/cmTC_2faf8.dir/CMakeCCompilerABI.c.o]
  ignore line: [/usr/bin/cc     -o CMakeFiles/cmTC_2faf8.dir/CMakeCCompilerABI.c.o   -c /usr/local/share/cmake-3.7/Modules/CMakeCCompilerABI.c]
  ignore line: [Linking C executable cmTC_2faf8]
  ignore line: [/usr/local/bin/cmake -E cmake_link_script CMakeFiles/cmTC_2faf8.dir/link.txt --verbose=1]
  ignore line: [/usr/bin/cc      -v CMakeFiles/cmTC_2faf8.dir/CMakeCCompilerABI.c.o  -o cmTC_2faf8  ]
  ignore line: [Using built-in specs.]
  ignore line: [COLLECT_GCC=/usr/bin/cc]
  ignore line: [COLLECT_LTO_WRAPPER=/usr/lib/gcc/x86_64-linux-gnu/6/lto-wrapper]
  ignore line: [Target: x86_64-linux-gnu]
  ignore line: [Configured with: ../src/configure -v --with-pkgversion='Ubuntu 6.3.0-12ubuntu2' --with-bugurl=file:///usr/share/doc/gcc-6/README.Bugs --enable-languages=c,ada,c++,java,go,d,fortran,objc,obj-c++ --prefix=/usr --program-suffix=-6 --program-prefix=x86_64-linux-gnu- --enable-shared --enable-linker-build-id --libexecdir=/usr/lib --without-included-gettext --enable-threads=posix --libdir=/usr/lib --enable-nls --with-sysroot=/ --enable-clocale=gnu --enable-libstdcxx-debug --enable-libstdcxx-time=yes --with-default-libstdcxx-abi=new --enable-gnu-unique-object --disable-vtable-verify --enable-libmpx --enable-plugin --enable-default-pie --with-system-zlib --disable-browser-plugin --enable-java-awt=gtk --enable-gtk-cairo --with-java-home=/usr/lib/jvm/java-1.5.0-gcj-6-amd64/jre --enable-java-home --with-jvm-root-dir=/usr/lib/jvm/java-1.5.0-gcj-6-amd64 --with-jvm-jar-dir=/usr/lib/jvm-exports/java-1.5.0-gcj-6-amd64 --with-arch-directory=amd64 --with-ecj-jar=/usr/share/java/eclipse-ecj.jar --with-target-system-zlib --enable-objc-gc=auto --enable-multiarch --disable-werror --with-arch-32=i686 --with-abi=m64 --with-multilib-list=m32,m64,mx32 --enable-multilib --with-tune=generic --enable-checking=release --build=x86_64-linux-gnu --host=x86_64-linux-gnu --target=x86_64-linux-gnu]
  ignore line: [Thread model: posix]
  ignore line: [gcc version 6.3.0 20170406 (Ubuntu 6.3.0-12ubuntu2) ]
  ignore line: [COMPILER_PATH=/usr/lib/gcc/x86_64-linux-gnu/6/:/usr/lib/gcc/x86_64-linux-gnu/6/:/usr/lib/gcc/x86_64-linux-gnu/:/usr/lib/gcc/x86_64-linux-gnu/6/:/usr/lib/gcc/x86_64-linux-gnu/]
  ignore line: [LIBRARY_PATH=/usr/lib/gcc/x86_64-linux-gnu/6/:/usr/lib/gcc/x86_64-linux-gnu/6/../../../x86_64-linux-gnu/:/usr/lib/gcc/x86_64-linux-gnu/6/../../../../lib/:/lib/x86_64-linux-gnu/:/lib/../lib/:/usr/lib/x86_64-linux-gnu/:/usr/lib/../lib/:/usr/lib/gcc/x86_64-linux-gnu/6/../../../:/lib/:/usr/lib/]
  ignore line: [COLLECT_GCC_OPTIONS='-v' '-o' 'cmTC_2faf8' '-mtune=generic' '-march=x86-64']
  link line: [ /usr/lib/gcc/x86_64-linux-gnu/6/collect2 -plugin /usr/lib/gcc/x86_64-linux-gnu/6/liblto_plugin.so -plugin-opt=/usr/lib/gcc/x86_64-linux-gnu/6/lto-wrapper -plugin-opt=-fresolution=/tmp/cc0x79AE.res -plugin-opt=-pass-through=-lgcc -plugin-opt=-pass-through=-lgcc_s -plugin-opt=-pass-through=-lc -plugin-opt=-pass-through=-lgcc -plugin-opt=-pass-through=-lgcc_s --sysroot=/ --build-id --eh-frame-hdr -m elf_x86_64 --hash-style=gnu --as-needed -dynamic-linker /lib64/ld-linux-x86-64.so.2 -pie -z now -z relro -o cmTC_2faf8 /usr/lib/gcc/x86_64-linux-gnu/6/../../../x86_64-linux-gnu/Scrt1.o /usr/lib/gcc/x86_64-linux-gnu/6/../../../x86_64-linux-gnu/crti.o /usr/lib/gcc/x86_64-linux-gnu/6/crtbeginS.o -L/usr/lib/gcc/x86_64-linux-gnu/6 -L/usr/lib/gcc/x86_64-linux-gnu/6/../../../x86_64-linux-gnu -L/usr/lib/gcc/x86_64-linux-gnu/6/../../../../lib -L/lib/x86_64-linux-gnu -L/lib/../lib -L/usr/lib/x86_64-linux-gnu -L/usr/lib/../lib -L/usr/lib/gcc/x86_64-linux-gnu/6/../../.. CMakeFiles/cmTC_2faf8.dir/CMakeCCompilerABI.c.o -lgcc --as-needed -lgcc_s --no-as-needed -lc -lgcc --as-needed -lgcc_s --no-as-needed /usr/lib/gcc/x86_64-linux-gnu/6/crtendS.o /usr/lib/gcc/x86_64-linux-gnu/6/../../../x86_64-linux-gnu/crtn.o]
    arg [/usr/lib/gcc/x86_64-linux-gnu/6/collect2] ==> ignore
    arg [-plugin] ==> ignore
    arg [/usr/lib/gcc/x86_64-linux-gnu/6/liblto_plugin.so] ==> ignore
    arg [-plugin-opt=/usr/lib/gcc/x86_64-linux-gnu/6/lto-wrapper] ==> ignore
    arg [-plugin-opt=-fresolution=/tmp/cc0x79AE.res] ==> ignore
    arg [-plugin-opt=-pass-through=-lgcc] ==> ignore
    arg [-plugin-opt=-pass-through=-lgcc_s] ==> ignore
    arg [-plugin-opt=-pass-through=-lc] ==> ignore
    arg [-plugin-opt=-pass-through=-lgcc] ==> ignore
    arg [-plugin-opt=-pass-through=-lgcc_s] ==> ignore
    arg [--sysroot=/] ==> ignore
    arg [--build-id] ==> ignore
    arg [--eh-frame-hdr] ==> ignore
    arg [-m] ==> ignore
    arg [elf_x86_64] ==> ignore
    arg [--hash-style=gnu] ==> ignore
    arg [--as-needed] ==> ignore
    arg [-dynamic-linker] ==> ignore
    arg [/lib64/ld-linux-x86-64.so.2] ==> ignore
    arg [-pie] ==> ignore
    arg [-znow] ==> ignore
    arg [-zrelro] ==> ignore
    arg [-o] ==> ignore
    arg [cmTC_2faf8] ==> ignore
    arg [/usr/lib/gcc/x86_64-linux-gnu/6/../../../x86_64-linux-gnu/Scrt1.o] ==> ignore
    arg [/usr/lib/gcc/x86_64-linux-gnu/6/../../../x86_64-linux-gnu/crti.o] ==> ignore
    arg [/usr/lib/gcc/x86_64-linux-gnu/6/crtbeginS.o] ==> ignore
    arg [-L/usr/lib/gcc/x86_64-linux-gnu/6] ==> dir [/usr/lib/gcc/x86_64-linux-gnu/6]
    arg [-L/usr/lib/gcc/x86_64-linux-gnu/6/../../../x86_64-linux-gnu] ==> dir [/usr/lib/gcc/x86_64-linux-gnu/6/../../../x86_64-linux-gnu]
    arg [-L/usr/lib/gcc/x86_64-linux-gnu/6/../../../../lib] ==> dir [/usr/lib/gcc/x86_64-linux-gnu/6/../../../../lib]
    arg [-L/lib/x86_64-linux-gnu] ==> dir [/lib/x86_64-linux-gnu]
    arg [-L/lib/../lib] ==> dir [/lib/../lib]
    arg [-L/usr/lib/x86_64-linux-gnu] ==> dir [/usr/lib/x86_64-linux-gnu]
    arg [-L/usr/lib/../lib] ==> dir [/usr/lib/../lib]
    arg [-L/usr/lib/gcc/x86_64-linux-gnu/6/../../..] ==> dir [/usr/lib/gcc/x86_64-linux-gnu/6/../../..]
    arg [CMakeFiles/cmTC_2faf8.dir/CMakeCCompilerABI.c.o] ==> ignore
    arg [-lgcc] ==> lib [gcc]
    arg [--as-needed] ==> ignore
    arg [-lgcc_s] ==> lib [gcc_s]
    arg [--no-as-needed] ==> ignore
    arg [-lc] ==> lib [c]
    arg [-lgcc] ==> lib [gcc]
    arg [--as-needed] ==> ignore
    arg [-lgcc_s] ==> lib [gcc_s]
    arg [--no-as-needed] ==> ignore
    arg [/usr/lib/gcc/x86_64-linux-gnu/6/crtendS.o] ==> ignore
    arg [/usr/lib/gcc/x86_64-linux-gnu/6/../../../x86_64-linux-gnu/crtn.o] ==> ignore
  remove lib [gcc]
  remove lib [gcc_s]
  remove lib [gcc]
  remove lib [gcc_s]
  collapse library dir [/usr/lib/gcc/x86_64-linux-gnu/6] ==> [/usr/lib/gcc/x86_64-linux-gnu/6]
  collapse library dir [/usr/lib/gcc/x86_64-linux-gnu/6/../../../x86_64-linux-gnu] ==> [/usr/lib/x86_64-linux-gnu]
  collapse library dir [/usr/lib/gcc/x86_64-linux-gnu/6/../../../../lib] ==> [/usr/lib]
  collapse library dir [/lib/x86_64-linux-gnu] ==> [/lib/x86_64-linux-gnu]
  collapse library dir [/lib/../lib] ==> [/lib]
  collapse library dir [/usr/lib/x86_64-linux-gnu] ==> [/usr/lib/x86_64-linux-gnu]
  collapse library dir [/usr/lib/../lib] ==> [/usr/lib]
  collapse library dir [/usr/lib/gcc/x86_64-linux-gnu/6/../../..] ==> [/usr/lib]
  implicit libs: [c]
  implicit dirs: [/usr/lib/gcc/x86_64-linux-gnu/6;/usr/lib/x86_64-linux-gnu;/usr/lib;/lib/x86_64-linux-gnu;/lib]
  implicit fwks: []




Detecting C [-std=c11] compiler features compiled with the following output:
Change Dir: /home/user/dev/bitprim-network/build/CMakeFiles/CMakeTmp

Run Build Command:"/usr/bin/make" "cmTC_32047/fast"
/usr/bin/make -f CMakeFiles/cmTC_32047.dir/build.make CMakeFiles/cmTC_32047.dir/build
make[1]: Entering directory '/home/user/dev/bitprim-network/build/CMakeFiles/CMakeTmp'
Building C object CMakeFiles/cmTC_32047.dir/feature_tests.c.o
/usr/bin/cc    -std=c11 -o CMakeFiles/cmTC_32047.dir/feature_tests.c.o   -c /home/user/dev/bitprim-network/build/CMakeFiles/feature_tests.c
Linking C executable cmTC_32047
/usr/local/bin/cmake -E cmake_link_script CMakeFiles/cmTC_32047.dir/link.txt --verbose=1
/usr/bin/cc       CMakeFiles/cmTC_32047.dir/feature_tests.c.o  -o cmTC_32047 
make[1]: Leaving directory '/home/user/dev/bitprim-network/build/CMakeFiles/CMakeTmp'


    Feature record: C_FEATURE:1c_function_prototypes
    Feature record: C_FEATURE:1c_restrict
    Feature record: C_FEATURE:1c_static_assert
    Feature record: C_FEATURE:1c_variadic_macros


Detecting C [-std=c99] compiler features compiled with the following output:
Change Dir: /home/user/dev/bitprim-network/build/CMakeFiles/CMakeTmp

Run Build Command:"/usr/bin/make" "cmTC_01aaa/fast"
/usr/bin/make -f CMakeFiles/cmTC_01aaa.dir/build.make CMakeFiles/cmTC_01aaa.dir/build
make[1]: Entering directory '/home/user/dev/bitprim-network/build/CMakeFiles/CMakeTmp'
Building C object CMakeFiles/cmTC_01aaa.dir/feature_tests.c.o
/usr/bin/cc    -std=c99 -o CMakeFiles/cmTC_01aaa.dir/feature_tests.c.o   -c /home/user/dev/bitprim-network/build/CMakeFiles/feature_tests.c
Linking C executable cmTC_01aaa
/usr/local/bin/cmake -E cmake_link_script CMakeFiles/cmTC_01aaa.dir/link.txt --verbose=1
/usr/bin/cc       CMakeFiles/cmTC_01aaa.dir/feature_tests.c.o  -o cmTC_01aaa 
make[1]: Leaving directory '/home/user/dev/bitprim-network/build/CMakeFiles/CMakeTmp'


    Feature record: C_FEATURE:1c_function_prototypes
    Feature record: C_FEATURE:1c_restrict
    Feature record: C_FEATURE:0c_static_assert
    Feature record: C_FEATURE:1c_variadic_macros


Detecting C [-std=c90] compiler features compiled with the following output:
Change Dir: /home/user/dev/bitprim-network/build/CMakeFiles/CMakeTmp

Run Build Command:"/usr/bin/make" "cmTC_6e4d6/fast"
/usr/bin/make -f CMakeFiles/cmTC_6e4d6.dir/build.make CMakeFiles/cmTC_6e4d6.dir/build
make[1]: Entering directory '/home/user/dev/bitprim-network/build/CMakeFiles/CMakeTmp'
Building C object CMakeFiles/cmTC_6e4d6.dir/feature_tests.c.o
/usr/bin/cc    -std=c90 -o CMakeFiles/cmTC_6e4d6.dir/feature_tests.c.o   -c /home/user/dev/bitprim-network/build/CMakeFiles/feature_tests.c
Linking C executable cmTC_6e4d6
/usr/local/bin/cmake -E cmake_link_script CMakeFiles/cmTC_6e4d6.dir/link.txt --verbose=1
/usr/bin/cc       CMakeFiles/cmTC_6e4d6.dir/feature_tests.c.o  -o cmTC_6e4d6 
make[1]: Leaving directory '/home/user/dev/bitprim-network/build/CMakeFiles/CMakeTmp'


    Feature record: C_FEATURE:1c_function_prototypes
    Feature record: C_FEATURE:0c_restrict
    Feature record: C_FEATURE:0c_static_assert
    Feature record: C_FEATURE:0c_variadic_macros
Performing C++ SOURCE FILE Test _has_all_warning_flag succeeded with the following output:
Change Dir: /home/user/dev/bitprim-network/build/CMakeFiles/CMakeTmp

Run Build Command:"/usr/bin/make" "cmTC_5fc90/fast"
/usr/bin/make -f CMakeFiles/cmTC_5fc90.dir/build.make CMakeFiles/cmTC_5fc90.dir/build
make[1]: Entering directory '/home/user/dev/bitprim-network/build/CMakeFiles/CMakeTmp'
Building CXX object CMakeFiles/cmTC_5fc90.dir/src.cxx.o
/usr/bin/c++     -D_has_all_warning_flag   -Wall -o CMakeFiles/cmTC_5fc90.dir/src.cxx.o -c /home/user/dev/bitprim-network/build/CMakeFiles/CMakeTmp/src.cxx
Linking CXX executable cmTC_5fc90
/usr/local/bin/cmake -E cmake_link_script CMakeFiles/cmTC_5fc90.dir/link.txt --verbose=1
/usr/bin/c++    -D_has_all_warning_flag    CMakeFiles/cmTC_5fc90.dir/src.cxx.o  -o cmTC_5fc90 
make[1]: Leaving directory '/home/user/dev/bitprim-network/build/CMakeFiles/CMakeTmp'

Source file was:
int main() { return 0; }
Performing C++ SOURCE FILE Test _has_extra_warning_flag succeeded with the following output:
Change Dir: /home/user/dev/bitprim-network/build/CMakeFiles/CMakeTmp

Run Build Command:"/usr/bin/make" "cmTC_b1fba/fast"
/usr/bin/make -f CMakeFiles/cmTC_b1fba.dir/build.make CMakeFiles/cmTC_b1fba.dir/build
make[1]: Entering directory '/home/user/dev/bitprim-network/build/CMakeFiles/CMakeTmp'
Building CXX object CMakeFiles/cmTC_b1fba.dir/src.cxx.o
/usr/bin/c++     -D_has_extra_warning_flag   -Wextra -o CMakeFiles/cmTC_b1fba.dir/src.cxx.o -c /home/user/dev/bitprim-network/build/CMakeFiles/CMakeTmp/src.cxx
Linking CXX executable cmTC_b1fba
/usr/local/bin/cmake -E cmake_link_script CMakeFiles/cmTC_b1fba.dir/link.txt --verbose=1
/usr/bin/c++    -D_has_extra_warning_flag    CMakeFiles/cmTC_b1fba.dir/src.cxx.o  -o cmTC_b1fba 
make[1]: Leaving directory '/home/user/dev/bitprim-network/build/CMakeFiles/CMakeTmp'

Source file was:
int main() { return 0; }
Performing C++ SOURCE FILE Test _has_pedantic_warning_flag succeeded with the following output:
Change Dir: /home/user/dev/bitprim-network/build/CMakeFiles/CMakeTmp

Run Build Command:"/usr/bin/make" "cmTC_07e40/fast"
/usr/bin/make -f CMakeFiles/cmTC_07e40.dir/build.make CMakeFiles/cmTC_07e40.dir/build
make[1]: Entering directory '/home/user/dev/bitprim-network/build/CMakeFiles/CMakeTmp'
Building CXX object CMakeFiles/cmTC_07e40.dir/src.cxx.o
/usr/bin/c++     -D_has_pedantic_warning_flag   -Wpedantic -o CMakeFiles/cmTC_07e40.dir/src.cxx.o -c /home/user/dev/bitprim-network/build/CMakeFiles/CMakeTmp/src.cxx
Linking CXX executable cmTC_07e40
/usr/local/bin/cmake -E cmake_link_script CMakeFiles/cmTC_07e40.dir/link.txt --verbose=1
/usr/bin/c++    -D_has_pedantic_warning_flag    CMakeFiles/cmTC_07e40.dir/src.cxx.o  -o cmTC_07e40 
make[1]: Leaving directory '/home/user/dev/bitprim-network/build/CMakeFiles/CMakeTmp'

Source file was:
int main() { return 0; }
Performing C++ SOURCE FILE Test _has_pedantic_flag succeeded with the following output:
Change Dir: /home/user/dev/bitprim-network/build/CMakeFiles/CMakeTmp

Run Build Command:"/usr/bin/make" "cmTC_e39c3/fast"
/usr/bin/make -f CMakeFiles/cmTC_e39c3.dir/build.make CMakeFiles/cmTC_e39c3.dir/build
make[1]: Entering directory '/home/user/dev/bitprim-network/build/CMakeFiles/CMakeTmp'
Building CXX object CMakeFiles/cmTC_e39c3.dir/src.cxx.o
/usr/bin/c++     -D_has_pedantic_flag   -pedantic -o CMakeFiles/cmTC_e39c3.dir/src.cxx.o -c /home/user/dev/bitprim-network/build/CMakeFiles/CMakeTmp/src.cxx
Linking CXX executable cmTC_e39c3
/usr/local/bin/cmake -E cmake_link_script CMakeFiles/cmTC_e39c3.dir/link.txt --verbose=1
/usr/bin/c++    -D_has_pedantic_flag    CMakeFiles/cmTC_e39c3.dir/src.cxx.o  -o cmTC_e39c3 
make[1]: Leaving directory '/home/user/dev/bitprim-network/build/CMakeFiles/CMakeTmp'

Source file was:
int main() { return 0; }
Performing C++ SOURCE FILE Test _has_no_missing_braces_warning_flag succeeded with the following output:
Change Dir: /home/user/dev/bitprim-network/build/CMakeFiles/CMakeTmp

Run Build Command:"/usr/bin/make" "cmTC_0b238/fast"
/usr/bin/make -f CMakeFiles/cmTC_0b238.dir/build.make CMakeFiles/cmTC_0b238.dir/build
make[1]: Entering directory '/home/user/dev/bitprim-network/build/CMakeFiles/CMakeTmp'
Building CXX object CMakeFiles/cmTC_0b238.dir/src.cxx.o
/usr/bin/c++     -D_has_no_missing_braces_warning_flag   -Wno-missing-braces -o CMakeFiles/cmTC_0b238.dir/src.cxx.o -c /home/user/dev/bitprim-network/build/CMakeFiles/CMakeTmp/src.cxx
Linking CXX executable cmTC_0b238
/usr/local/bin/cmake -E cmake_link_script CMakeFiles/cmTC_0b238.dir/link.txt --verbose=1
/usr/bin/c++    -D_has_no_missing_braces_warning_flag    CMakeFiles/cmTC_0b238.dir/src.cxx.o  -o cmTC_0b238 
make[1]: Leaving directory '/home/user/dev/bitprim-network/build/CMakeFiles/CMakeTmp'

Source file was:
int main() { return 0; }
Performing C++ SOURCE FILE Test _has_no_mismatched_tags_warning_flag succeeded with the following output:
Change Dir: /home/user/dev/bitprim-network/build/CMakeFiles/CMakeTmp

Run Build Command:"/usr/bin/make" "cmTC_bdf00/fast"
/usr/bin/make -f CMakeFiles/cmTC_bdf00.dir/build.make CMakeFiles/cmTC_bdf00.dir/build
make[1]: Entering directory '/home/user/dev/bitprim-network/build/CMakeFiles/CMakeTmp'
Building CXX object CMakeFiles/cmTC_bdf00.dir/src.cxx.o
/usr/bin/c++     -D_has_no_mismatched_tags_warning_flag   -Wno-mismatched-tags -o CMakeFiles/cmTC_bdf00.dir/src.cxx.o -c /home/user/dev/bitprim-network/build/CMakeFiles/CMakeTmp/src.cxx
Linking CXX executable cmTC_bdf00
/usr/local/bin/cmake -E cmake_link_script CMakeFiles/cmTC_bdf00.dir/link.txt --verbose=1
/usr/bin/c++    -D_has_no_mismatched_tags_warning_flag    CMakeFiles/cmTC_bdf00.dir/src.cxx.o  -o cmTC_bdf00 
make[1]: Leaving directory '/home/user/dev/bitprim-network/build/CMakeFiles/CMakeTmp'

Source file was:
int main() { return 0; }
Performing C++ SOURCE FILE Test _has_no_deprecated_declarations_warning_flag succeeded with the following output:
Change Dir: /home/user/dev/bitprim-network/build/CMakeFiles/CMakeTmp

Run Build Command:"/usr/bin/make" "cmTC_1e8a0/fast"
/usr/bin/make -f CMakeFiles/cmTC_1e8a0.dir/build.make CMakeFiles/cmTC_1e8a0.dir/build
make[1]: Entering directory '/home/user/dev/bitprim-network/build/CMakeFiles/CMakeTmp'
Building CXX object CMakeFiles/cmTC_1e8a0.dir/src.cxx.o
/usr/bin/c++     -D_has_no_deprecated_declarations_warning_flag   -Wno-deprecated-declarations -o CMakeFiles/cmTC_1e8a0.dir/src.cxx.o -c /home/user/dev/bitprim-network/build/CMakeFiles/CMakeTmp/src.cxx
Linking CXX executable cmTC_1e8a0
/usr/local/bin/cmake -E cmake_link_script CMakeFiles/cmTC_1e8a0.dir/link.txt --verbose=1
/usr/bin/c++    -D_has_no_deprecated_declarations_warning_flag    CMakeFiles/cmTC_1e8a0.dir/src.cxx.o  -o cmTC_1e8a0 
make[1]: Leaving directory '/home/user/dev/bitprim-network/build/CMakeFiles/CMakeTmp'

Source file was:
int main() { return 0; }
Performing C++ SOURCE FILE Test _has_stack_protector_flag succeeded with the following output:
Change Dir: /home/user/dev/bitprim-network/build/CMakeFiles/CMakeTmp

Run Build Command:"/usr/bin/make" "cmTC_408a9/fast"
/usr/bin/make -f CMakeFiles/cmTC_408a9.dir/build.make CMakeFiles/cmTC_408a9.dir/build
make[1]: Entering directory '/home/user/dev/bitprim-network/build/CMakeFiles/CMakeTmp'
Building CXX object CMakeFiles/cmTC_408a9.dir/src.cxx.o
/usr/bin/c++     -D_has_stack_protector_flag   -fstack-protector -o CMakeFiles/cmTC_408a9.dir/src.cxx.o -c /home/user/dev/bitprim-network/build/CMakeFiles/CMakeTmp/src.cxx
Linking CXX executable cmTC_408a9
/usr/local/bin/cmake -E cmake_link_script CMakeFiles/cmTC_408a9.dir/link.txt --verbose=1
/usr/bin/c++    -D_has_stack_protector_flag    CMakeFiles/cmTC_408a9.dir/src.cxx.o  -o cmTC_408a9 
make[1]: Leaving directory '/home/user/dev/bitprim-network/build/CMakeFiles/CMakeTmp'

Source file was:
int main() { return 0; }
Performing C++ SOURCE FILE Test _has_stack_protector_all_flag succeeded with the following output:
Change Dir: /home/user/dev/bitprim-network/build/CMakeFiles/CMakeTmp

Run Build Command:"/usr/bin/make" "cmTC_b1d77/fast"
/usr/bin/make -f CMakeFiles/cmTC_b1d77.dir/build.make CMakeFiles/cmTC_b1d77.dir/build
make[1]: Entering directory '/home/user/dev/bitprim-network/build/CMakeFiles/CMakeTmp'
Building CXX object CMakeFiles/cmTC_b1d77.dir/src.cxx.o
/usr/bin/c++     -D_has_stack_protector_all_flag   -fstack-protector-all -o CMakeFiles/cmTC_b1d77.dir/src.cxx.o -c /home/user/dev/bitprim-network/build/CMakeFiles/CMakeTmp/src.cxx
Linking CXX executable cmTC_b1d77
/usr/local/bin/cmake -E cmake_link_script CMakeFiles/cmTC_b1d77.dir/link.txt --verbose=1
/usr/bin/c++    -D_has_stack_protector_all_flag    CMakeFiles/cmTC_b1d77.dir/src.cxx.o  -o cmTC_b1d77 
make[1]: Leaving directory '/home/user/dev/bitprim-network/build/CMakeFiles/CMakeTmp'

Source file was:
int main() { return 0; }
Performing C++ SOURCE FILE Test _has_visibility_inlines_hidden_flag succeeded with the following output:
Change Dir: /home/user/dev/bitprim-network/build/CMakeFiles/CMakeTmp

Run Build Command:"/usr/bin/make" "cmTC_ecfc5/fast"
/usr/bin/make -f CMakeFiles/cmTC_ecfc5.dir/build.make CMakeFiles/cmTC_ecfc5.dir/build
make[1]: Entering directory '/home/user/dev/bitprim-network/build/CMakeFiles/CMakeTmp'
Building CXX object CMakeFiles/cmTC_ecfc5.dir/src.cxx.o
/usr/bin/c++     -D_has_visibility_inlines_hidden_flag   -fvisibility-inlines-hidden -o CMakeFiles/cmTC_ecfc5.dir/src.cxx.o -c /home/user/dev/bitprim-network/build/CMakeFiles/CMakeTmp/src.cxx
Linking CXX executable cmTC_ecfc5
/usr/local/bin/cmake -E cmake_link_script CMakeFiles/cmTC_ecfc5.dir/link.txt --verbose=1
/usr/bin/c++    -D_has_visibility_inlines_hidden_flag    CMakeFiles/cmTC_ecfc5.dir/src.cxx.o  -o cmTC_ecfc5 
make[1]: Leaving directory '/home/user/dev/bitprim-network/build/CMakeFiles/CMakeTmp'

Source file was:
int main() { return 0; }
